8/24/2020 2:57:12 PM	This log contains information about the import schema operation into project 'MetadataDB' on computer 'DESKTOP-ETHARF0' by user 'Satyadevi'.
8/24/2020 2:57:12 PM	Import of database schema has started.
8/24/2020 2:57:34 PM	Gathering logins
8/24/2020 2:58:39 PM	Gathering database credentials
8/24/2020 2:58:39 PM	Gathering database options
8/24/2020 2:58:39 PM	Gathering generic database scoped configuration option
8/24/2020 2:58:39 PM	Gathering users
8/24/2020 2:58:39 PM	Gathering roles
8/24/2020 2:58:39 PM	Gathering application roles
8/24/2020 2:58:39 PM	Gathering role memberships
8/24/2020 2:58:39 PM	Gathering filegroups
8/24/2020 2:58:39 PM	Gathering full-text catalogs
8/24/2020 2:58:39 PM	Gathering assemblies
8/24/2020 2:58:39 PM	Gathering certificates
8/24/2020 2:58:39 PM	Gathering symmetric keys
8/24/2020 2:58:39 PM	Gathering encrypted symmetric keys
8/24/2020 2:58:39 PM	Gathering schemas
8/24/2020 2:58:39 PM	Gathering XML schema collections
8/24/2020 2:58:39 PM	Gathering user-defined data types
8/24/2020 2:58:39 PM	Gathering user-defined types
8/24/2020 2:58:39 PM	Gathering table types
8/24/2020 2:58:40 PM	Gathering unique keys for table types
8/24/2020 2:58:40 PM	Gathering primary keys for table types
8/24/2020 2:58:40 PM	Gathering indexes for table types
8/24/2020 2:58:40 PM	Gathering check constraints for table types
8/24/2020 2:58:40 PM	Gathering default constraints for table types
8/24/2020 2:58:40 PM	Gathering partition functions
8/24/2020 2:58:40 PM	Gathering partition schemes
8/24/2020 2:58:40 PM	Gathering functions
8/24/2020 2:58:40 PM	Gathering encrypted functions
8/24/2020 2:58:40 PM	Gathering aggregates
8/24/2020 2:58:40 PM	Gathering procedures
8/24/2020 2:58:42 PM	Gathering encrypted procedures
8/24/2020 2:58:42 PM	Gathering tables
8/24/2020 2:58:43 PM	Gathering primary keys
8/24/2020 2:58:43 PM	Gathering unique constraints
8/24/2020 2:58:43 PM	Gathering foreign keys
8/24/2020 2:58:43 PM	Gathering default constraints
8/24/2020 2:58:43 PM	Gathering check constraints
8/24/2020 2:58:43 PM	Gathering views
8/24/2020 2:58:43 PM	Gathering encrypted views
8/24/2020 2:58:43 PM	Gathering indexes
8/24/2020 2:58:43 PM	Gathering statistics
8/24/2020 2:58:43 PM	Gathering full-text index stoplists
8/24/2020 2:58:43 PM	Gathering search property lists
8/24/2020 2:58:43 PM	Gathering search properties
8/24/2020 2:58:43 PM	Gathering full-text indexes
8/24/2020 2:58:43 PM	Gathering column store indexes
8/24/2020 2:58:43 PM	Gathering spatial indexes
8/24/2020 2:58:43 PM	Gathering XML indexes
8/24/2020 2:58:43 PM	Gathering Selective XML indexes
8/24/2020 2:58:43 PM	Gathering encrypted triggers
8/24/2020 2:58:43 PM	Gathering triggers
8/24/2020 2:58:43 PM	Gathering encrypted and clr ddl triggers
8/24/2020 2:58:43 PM	Gathering ddl triggers
8/24/2020 2:58:43 PM	Creating edge constraints
8/24/2020 2:58:43 PM	Gathering synonyms
8/24/2020 2:58:43 PM	Gathering defaults
8/24/2020 2:58:43 PM	Gathering data constraint uddt bindings
8/24/2020 2:58:43 PM	Gathering rules
8/24/2020 2:58:43 PM	Gathering data constraint uddt bindings
8/24/2020 2:58:43 PM	Gathering message types
8/24/2020 2:58:43 PM	Gathering queues
8/24/2020 2:58:43 PM	Gathering contracts
8/24/2020 2:58:43 PM	Gathering services
8/24/2020 2:58:43 PM	Gathering event notifications
8/24/2020 2:58:43 PM	Gathering remote service bindings
8/24/2020 2:58:43 PM	Gathering broker priorities
8/24/2020 2:58:43 PM	Gathering signatures
8/24/2020 2:58:43 PM	Gathering data compression options
8/24/2020 2:58:43 PM	Gathering sequence types
8/24/2020 2:58:43 PM	Gathering security policies
8/24/2020 2:58:43 PM	Gather column encryption keys
8/24/2020 2:58:43 PM	Gathering column master keys
8/24/2020 2:58:43 PM	Gathering external data sources
8/24/2020 2:58:43 PM	Gathering external tables
8/24/2020 2:58:43 PM	Gathering extended properties
8/24/2020 2:58:51 PM	Gathering logins
8/24/2020 2:58:59 PM	Scanning project for duplicate elements
8/24/2020 2:59:00 PM	Finished duplicate element processing
8/24/2020 2:59:02 PM	Finished importing database.
8/24/2020 2:59:02 PM	A summary of the import was saved to the following location: C:\Users\Satyadevi\source\repos\MetadataDB\Import Schema Logs\MetadataDB_20200824092712.log
8/24/2020 2:59:02 PM	Click Finish to continue...
